ERROR - 2022-11-25 10:19:57 --> Column 'edad' cannot be null
CRITICAL - 2022-11-25 10:19:57 --> Column 'edad' cannot be null
in SYSTEMPATH\Database\MySQLi\Connection.php on line 292.
 1 SYSTEMPATH\Database\MySQLi\Connection.php(292): mysqli->query('INSERT INTO `employees` (`name`, `email`, `phone_no`, `edad`) VALUES (\'SUPAPA\', \'SUPAPaA@gmail.com3\', \'666556659\', NULL)', 0)
 2 SYSTEMPATH\Database\BaseConnection.php(695): CodeIgniter\Database\MySQLi\Connection->execute('INSERT INTO `employees` (`name`, `email`, `phone_no`, `edad`) VALUES (\'SUPAPA\', \'SUPAPaA@gmail.com3\', \'666556659\', NULL)')
 3 SYSTEMPATH\Database\BaseConnection.php(609): CodeIgniter\Database\BaseConnection->simpleQuery('INSERT INTO `employees` (`name`, `email`, `phone_no`, `edad`) VALUES (\'SUPAPA\', \'SUPAPaA@gmail.com3\', \'666556659\', NULL)')
 4 SYSTEMPATH\Database\BaseBuilder.php(1904): CodeIgniter\Database\BaseConnection->query('INSERT INTO `employees` (`name`, `email`, `phone_no`, `edad`) VALUES (:name:, :email:, :phone_no:, :edad:)', [...], false)
 5 SYSTEMPATH\Model.php(278): CodeIgniter\Database\BaseBuilder->insert()
 6 SYSTEMPATH\BaseModel.php(738): CodeIgniter\Model->doInsert([...])
 7 SYSTEMPATH\Model.php(666): CodeIgniter\BaseModel->insert([...], false)
 8 SYSTEMPATH\BaseModel.php(658): CodeIgniter\Model->insert([...], false)
 9 APPPATH\Controllers\Api\EmployeeController.php(55): CodeIgniter\BaseModel->save([...])
10 SYSTEMPATH\CodeIgniter.php(896): App\Controllers\Api\EmployeeController->addEmployee()
11 SYSTEMPATH\CodeIgniter.php(466): CodeIgniter\CodeIgniter->runController(Object(App\Controllers\Api\EmployeeController))
12 SYSTEMPATH\CodeIgniter.php(349): CodeIgniter\CodeIgniter->handleRequest(null, Object(Config\Cache), false)
13 FCPATH\index.php(55): CodeIgniter\CodeIgniter->run()
14 SYSTEMPATH\Commands\Server\rewrite.php(43): require_once('FCPATH\\index.php')
CRITICAL - 2022-11-25 11:04:01 --> Class "Firebase\JWT\JWT" not found
in APPPATH\Controllers\Api\UserController.php on line 134.
 1 SYSTEMPATH\CodeIgniter.php(896): App\Controllers\Api\UserController->login()
 2 SYSTEMPATH\CodeIgniter.php(466): CodeIgniter\CodeIgniter->runController(Object(App\Controllers\Api\UserController))
 3 SYSTEMPATH\CodeIgniter.php(349): CodeIgniter\CodeIgniter->handleRequest(null, Object(Config\Cache), false)
 4 FCPATH\index.php(55): CodeIgniter\CodeIgniter->run()
 5 SYSTEMPATH\Commands\Server\rewrite.php(43): require_once('FCPATH\\index.php')
CRITICAL - 2022-11-25 11:04:34 --> Class "Firebase\JWT\JWT" not found
in APPPATH\Controllers\Api\UserController.php on line 134.
 1 SYSTEMPATH\CodeIgniter.php(896): App\Controllers\Api\UserController->login()
 2 SYSTEMPATH\CodeIgniter.php(466): CodeIgniter\CodeIgniter->runController(Object(App\Controllers\Api\UserController))
 3 SYSTEMPATH\CodeIgniter.php(349): CodeIgniter\CodeIgniter->handleRequest(null, Object(Config\Cache), false)
 4 FCPATH\index.php(55): CodeIgniter\CodeIgniter->run()
 5 SYSTEMPATH\Commands\Server\rewrite.php(43): require_once('FCPATH\\index.php')
CRITICAL - 2022-11-25 11:04:58 --> Class "Firebase\JWT\JWT" not found
in APPPATH\Controllers\Api\UserController.php on line 134.
 1 SYSTEMPATH\CodeIgniter.php(896): App\Controllers\Api\UserController->login()
 2 SYSTEMPATH\CodeIgniter.php(466): CodeIgniter\CodeIgniter->runController(Object(App\Controllers\Api\UserController))
 3 SYSTEMPATH\CodeIgniter.php(349): CodeIgniter\CodeIgniter->handleRequest(null, Object(Config\Cache), false)
 4 FCPATH\index.php(55): CodeIgniter\CodeIgniter->run()
 5 SYSTEMPATH\Commands\Server\rewrite.php(43): require_once('FCPATH\\index.php')
CRITICAL - 2022-11-25 11:05:35 --> Class "Firebase\JWT\JWT" not found
in APPPATH\Controllers\Api\UserController.php on line 134.
 1 SYSTEMPATH\CodeIgniter.php(896): App\Controllers\Api\UserController->login()
 2 SYSTEMPATH\CodeIgniter.php(466): CodeIgniter\CodeIgniter->runController(Object(App\Controllers\Api\UserController))
 3 SYSTEMPATH\CodeIgniter.php(349): CodeIgniter\CodeIgniter->handleRequest(null, Object(Config\Cache), false)
 4 FCPATH\index.php(55): CodeIgniter\CodeIgniter->run()
 5 SYSTEMPATH\Commands\Server\rewrite.php(43): require_once('FCPATH\\index.php')
CRITICAL - 2022-11-25 11:06:04 --> Class "Firebase\JWT\JWT" not found
in APPPATH\Controllers\Api\UserController.php on line 134.
 1 SYSTEMPATH\CodeIgniter.php(896): App\Controllers\Api\UserController->login()
 2 SYSTEMPATH\CodeIgniter.php(466): CodeIgniter\CodeIgniter->runController(Object(App\Controllers\Api\UserController))
 3 SYSTEMPATH\CodeIgniter.php(349): CodeIgniter\CodeIgniter->handleRequest(null, Object(Config\Cache), false)
 4 FCPATH\index.php(55): CodeIgniter\CodeIgniter->run()
 5 SYSTEMPATH\Commands\Server\rewrite.php(43): require_once('FCPATH\\index.php')
CRITICAL - 2022-11-25 11:06:13 --> Class "Firebase\JWT\JWT" not found
in APPPATH\Controllers\Api\UserController.php on line 134.
 1 SYSTEMPATH\CodeIgniter.php(896): App\Controllers\Api\UserController->login()
 2 SYSTEMPATH\CodeIgniter.php(466): CodeIgniter\CodeIgniter->runController(Object(App\Controllers\Api\UserController))
 3 SYSTEMPATH\CodeIgniter.php(349): CodeIgniter\CodeIgniter->handleRequest(null, Object(Config\Cache), false)
 4 FCPATH\index.php(55): CodeIgniter\CodeIgniter->run()
 5 SYSTEMPATH\Commands\Server\rewrite.php(43): require_once('FCPATH\\index.php')
CRITICAL - 2022-11-25 11:06:51 --> Class "Firebase\JWT\JWT" not found
in APPPATH\Controllers\Api\UserController.php on line 134.
 1 SYSTEMPATH\CodeIgniter.php(896): App\Controllers\Api\UserController->login()
 2 SYSTEMPATH\CodeIgniter.php(466): CodeIgniter\CodeIgniter->runController(Object(App\Controllers\Api\UserController))
 3 SYSTEMPATH\CodeIgniter.php(349): CodeIgniter\CodeIgniter->handleRequest(null, Object(Config\Cache), false)
 4 FCPATH\index.php(55): CodeIgniter\CodeIgniter->run()
 5 SYSTEMPATH\Commands\Server\rewrite.php(43): require_once('FCPATH\\index.php')
